<?xml version="1.0" encoding="UTF-8"?>
<!-- Generated by org.testng.reporters.JUnitReportReporter -->
<testsuite hostname="Rumus" failures="0" tests="1" name="Loginpagetest" time="11.827" errors="0" timestamp="2022-08-19T18:54:02 CDT" skipped="0">
  <testcase classname="Loginpagetest" name="signIn" time="11.827"/>
  <system-out/>
</testsuite> <!-- Loginpagetest -->
